[0.151s] DEBUG:colcon:Command line arguments: ['/usr/bin/colcon', 'build']
[0.151s] DEBUG:colcon:Parsed command line arguments: Namespace(log_base=None, log_level=None, verb_name='build', build_base='build', install_base='install', merge_install=False, symlink_install=False, test_result_base=None, continue_on_error=False, executor='parallel', parallel_workers=16, event_handlers=None, ignore_user_meta=False, metas=['./colcon.meta'], base_paths=['.'], packages_ignore=None, packages_ignore_regex=None, paths=None, packages_up_to=None, packages_up_to_regex=None, packages_above=None, packages_above_and_dependencies=None, packages_above_depth=None, packages_select_by_dep=None, packages_skip_by_dep=None, packages_skip_up_to=None, packages_select_build_failed=False, packages_skip_build_finished=False, packages_select_test_failures=False, packages_skip_test_passed=False, packages_select=None, packages_skip=None, packages_select_regex=None, packages_skip_regex=None, packages_start=None, packages_end=None, allow_overriding=[], cmake_args=None, cmake_target=None, cmake_target_skip_unavailable=False, cmake_clean_cache=False, cmake_clean_first=False, cmake_force_configure=False, ament_cmake_args=None, catkin_cmake_args=None, catkin_skip_building_tests=False, verb_parser=<colcon_defaults.argument_parser.defaults.DefaultArgumentsDecorator object at 0x723e714d3280>, verb_extension=<colcon_core.verb.build.BuildVerb object at 0x723e714d2d70>, main=<bound method BuildVerb.main of <colcon_core.verb.build.BuildVerb object at 0x723e714d2d70>>)
[0.372s] Level 1:colcon.colcon_core.package_discovery:discover_packages(colcon_meta) check parameters
[0.372s] Level 1:colcon.colcon_core.package_discovery:discover_packages(recursive) check parameters
[0.372s] Level 1:colcon.colcon_core.package_discovery:discover_packages(ignore) check parameters
[0.372s] Level 1:colcon.colcon_core.package_discovery:discover_packages(path) check parameters
[0.372s] Level 1:colcon.colcon_core.package_discovery:discover_packages(colcon_meta) discover
[0.372s] Level 1:colcon.colcon_core.package_discovery:discover_packages(recursive) discover
[0.372s] INFO:colcon.colcon_core.package_discovery:Crawling recursively for packages in '/home/oem/legion_framework/modules/message/ros2'
[0.373s] Level 1:colcon.colcon_core.package_identification:_identify(.) by extensions ['ignore', 'ignore_ament_install']
[0.373s] Level 1:colcon.colcon_core.package_identification:_identify(.) by extension 'ignore'
[0.373s] Level 1:colcon.colcon_core.package_identification:_identify(.) by extension 'ignore_ament_install'
[0.373s] Level 1:colcon.colcon_core.package_identification:_identify(.) by extensions ['colcon_pkg']
[0.373s] Level 1:colcon.colcon_core.package_identification:_identify(.) by extension 'colcon_pkg'
[0.373s] Level 1:colcon.colcon_core.package_identification:_identify(.) by extensions ['colcon_meta']
[0.373s] Level 1:colcon.colcon_core.package_identification:_identify(.) by extension 'colcon_meta'
[0.373s] Level 1:colcon.colcon_core.package_identification:_identify(.) by extensions ['ros']
[0.373s] Level 1:colcon.colcon_core.package_identification:_identify(.) by extension 'ros'
[0.382s] Level 1:colcon.colcon_core.package_identification:_identify(.) by extensions ['cmake', 'python']
[0.382s] Level 1:colcon.colcon_core.package_identification:_identify(.) by extension 'cmake'
[0.382s] Level 1:colcon.colcon_core.package_identification:_identify(.) by extension 'python'
[0.382s] Level 1:colcon.colcon_core.package_identification:_identify(.) by extensions ['python_setup_py']
[0.382s] Level 1:colcon.colcon_core.package_identification:_identify(.) by extension 'python_setup_py'
[0.382s] Level 1:colcon.colcon_core.package_identification:_identify(build) by extensions ['ignore', 'ignore_ament_install']
[0.382s] Level 1:colcon.colcon_core.package_identification:_identify(build) by extension 'ignore'
[0.382s] Level 1:colcon.colcon_core.package_identification:_identify(build) ignored
[0.382s] Level 1:colcon.colcon_core.package_identification:_identify(install) by extensions ['ignore', 'ignore_ament_install']
[0.382s] Level 1:colcon.colcon_core.package_identification:_identify(install) by extension 'ignore'
[0.382s] Level 1:colcon.colcon_core.package_identification:_identify(install) ignored
[0.382s] Level 1:colcon.colcon_core.package_identification:_identify(log) by extensions ['ignore', 'ignore_ament_install']
[0.382s] Level 1:colcon.colcon_core.package_identification:_identify(log) by extension 'ignore'
[0.382s] Level 1:colcon.colcon_core.package_identification:_identify(log) ignored
[0.382s] Level 1:colcon.colcon_core.package_identification:_identify(src) by extensions ['ignore', 'ignore_ament_install']
[0.382s] Level 1:colcon.colcon_core.package_identification:_identify(src) by extension 'ignore'
[0.382s] Level 1:colcon.colcon_core.package_identification:_identify(src) by extension 'ignore_ament_install'
[0.382s] Level 1:colcon.colcon_core.package_identification:_identify(src) by extensions ['colcon_pkg']
[0.382s] Level 1:colcon.colcon_core.package_identification:_identify(src) by extension 'colcon_pkg'
[0.382s] Level 1:colcon.colcon_core.package_identification:_identify(src) by extensions ['colcon_meta']
[0.382s] Level 1:colcon.colcon_core.package_identification:_identify(src) by extension 'colcon_meta'
[0.382s] Level 1:colcon.colcon_core.package_identification:_identify(src) by extensions ['ros']
[0.382s] Level 1:colcon.colcon_core.package_identification:_identify(src) by extension 'ros'
[0.382s] Level 1:colcon.colcon_core.package_identification:_identify(src) by extensions ['cmake', 'python']
[0.382s] Level 1:colcon.colcon_core.package_identification:_identify(src) by extension 'cmake'
[0.382s] Level 1:colcon.colcon_core.package_identification:_identify(src) by extension 'python'
[0.382s] Level 1:colcon.colcon_core.package_identification:_identify(src) by extensions ['python_setup_py']
[0.382s] Level 1:colcon.colcon_core.package_identification:_identify(src) by extension 'python_setup_py'
[0.382s] Level 1:colcon.colcon_core.package_identification:_identify(src/legion) by extensions ['ignore', 'ignore_ament_install']
[0.383s] Level 1:colcon.colcon_core.package_identification:_identify(src/legion) by extension 'ignore'
[0.383s] Level 1:colcon.colcon_core.package_identification:_identify(src/legion) by extension 'ignore_ament_install'
[0.383s] Level 1:colcon.colcon_core.package_identification:_identify(src/legion) by extensions ['colcon_pkg']
[0.383s] Level 1:colcon.colcon_core.package_identification:_identify(src/legion) by extension 'colcon_pkg'
[0.383s] Level 1:colcon.colcon_core.package_identification:_identify(src/legion) by extensions ['colcon_meta']
[0.383s] Level 1:colcon.colcon_core.package_identification:_identify(src/legion) by extension 'colcon_meta'
[0.383s] Level 1:colcon.colcon_core.package_identification:_identify(src/legion) by extensions ['ros']
[0.383s] Level 1:colcon.colcon_core.package_identification:_identify(src/legion) by extension 'ros'
[0.383s] Level 1:colcon.colcon_core.package_identification:_identify(src/legion) by extensions ['cmake', 'python']
[0.383s] Level 1:colcon.colcon_core.package_identification:_identify(src/legion) by extension 'cmake'
[0.383s] Level 1:colcon.colcon_core.package_identification:_identify(src/legion) by extension 'python'
[0.383s] Level 1:colcon.colcon_core.package_identification:_identify(src/legion) by extensions ['python_setup_py']
[0.383s] Level 1:colcon.colcon_core.package_identification:_identify(src/legion) by extension 'python_setup_py'
[0.383s] Level 1:colcon.colcon_core.package_identification:_identify(src/legion/ros2_interface) by extensions ['ignore', 'ignore_ament_install']
[0.383s] Level 1:colcon.colcon_core.package_identification:_identify(src/legion/ros2_interface) by extension 'ignore'
[0.383s] Level 1:colcon.colcon_core.package_identification:_identify(src/legion/ros2_interface) by extension 'ignore_ament_install'
[0.383s] Level 1:colcon.colcon_core.package_identification:_identify(src/legion/ros2_interface) by extensions ['colcon_pkg']
[0.383s] Level 1:colcon.colcon_core.package_identification:_identify(src/legion/ros2_interface) by extension 'colcon_pkg'
[0.383s] Level 1:colcon.colcon_core.package_identification:_identify(src/legion/ros2_interface) by extensions ['colcon_meta']
[0.383s] Level 1:colcon.colcon_core.package_identification:_identify(src/legion/ros2_interface) by extension 'colcon_meta'
[0.383s] Level 1:colcon.colcon_core.package_identification:_identify(src/legion/ros2_interface) by extensions ['ros']
[0.383s] Level 1:colcon.colcon_core.package_identification:_identify(src/legion/ros2_interface) by extension 'ros'
[0.385s] DEBUG:colcon.colcon_core.package_identification:Package 'src/legion/ros2_interface' with type 'ros.ament_cmake' and name 'ros2_interface'
[0.385s] Level 1:colcon.colcon_core.package_identification:_identify(src/rosbridge_msgs) by extensions ['ignore', 'ignore_ament_install']
[0.385s] Level 1:colcon.colcon_core.package_identification:_identify(src/rosbridge_msgs) by extension 'ignore'
[0.385s] Level 1:colcon.colcon_core.package_identification:_identify(src/rosbridge_msgs) by extension 'ignore_ament_install'
[0.385s] Level 1:colcon.colcon_core.package_identification:_identify(src/rosbridge_msgs) by extensions ['colcon_pkg']
[0.385s] Level 1:colcon.colcon_core.package_identification:_identify(src/rosbridge_msgs) by extension 'colcon_pkg'
[0.385s] Level 1:colcon.colcon_core.package_identification:_identify(src/rosbridge_msgs) by extensions ['colcon_meta']
[0.385s] Level 1:colcon.colcon_core.package_identification:_identify(src/rosbridge_msgs) by extension 'colcon_meta'
[0.385s] Level 1:colcon.colcon_core.package_identification:_identify(src/rosbridge_msgs) by extensions ['ros']
[0.385s] Level 1:colcon.colcon_core.package_identification:_identify(src/rosbridge_msgs) by extension 'ros'
[0.385s] DEBUG:colcon.colcon_core.package_identification:Package 'src/rosbridge_msgs' with type 'ros.ament_cmake' and name 'rosbridge_msgs'
[0.385s] Level 1:colcon.colcon_core.package_discovery:discover_packages(recursive) using defaults
[0.385s] Level 1:colcon.colcon_core.package_discovery:discover_packages(ignore) discover
[0.385s] Level 1:colcon.colcon_core.package_discovery:discover_packages(ignore) using defaults
[0.385s] Level 1:colcon.colcon_core.package_discovery:discover_packages(path) discover
[0.385s] Level 1:colcon.colcon_core.package_discovery:discover_packages(path) using defaults
[0.401s] Level 1:colcon.colcon_core.package_discovery:discover_packages(prefix_path) check parameters
[0.401s] Level 1:colcon.colcon_core.package_discovery:discover_packages(prefix_path) discover
[0.405s] DEBUG:colcon.colcon_installed_package_information.package_discovery:Found 273 installed packages in /opt/ros/humble
[0.411s] Level 1:colcon.colcon_core.package_discovery:discover_packages(prefix_path) using defaults
[0.429s] Level 5:colcon.colcon_core.verb:set package 'ros2_interface' build argument 'cmake_args' from command line to 'None'
[0.429s] Level 5:colcon.colcon_core.verb:set package 'ros2_interface' build argument 'cmake_target' from command line to 'None'
[0.429s] Level 5:colcon.colcon_core.verb:set package 'ros2_interface' build argument 'cmake_target_skip_unavailable' from command line to 'False'
[0.429s] Level 5:colcon.colcon_core.verb:set package 'ros2_interface' build argument 'cmake_clean_cache' from command line to 'False'
[0.429s] Level 5:colcon.colcon_core.verb:set package 'ros2_interface' build argument 'cmake_clean_first' from command line to 'False'
[0.429s] Level 5:colcon.colcon_core.verb:set package 'ros2_interface' build argument 'cmake_force_configure' from command line to 'False'
[0.429s] Level 5:colcon.colcon_core.verb:set package 'ros2_interface' build argument 'ament_cmake_args' from command line to 'None'
[0.429s] Level 5:colcon.colcon_core.verb:set package 'ros2_interface' build argument 'catkin_cmake_args' from command line to 'None'
[0.429s] Level 5:colcon.colcon_core.verb:set package 'ros2_interface' build argument 'catkin_skip_building_tests' from command line to 'False'
[0.429s] DEBUG:colcon.colcon_core.verb:Building package 'ros2_interface' with the following arguments: {'ament_cmake_args': None, 'build_base': '/home/oem/legion_framework/modules/message/ros2/build/ros2_interface', 'catkin_cmake_args': None, 'catkin_skip_building_tests': False, 'cmake_args': None, 'cmake_clean_cache': False, 'cmake_clean_first': False, 'cmake_force_configure': False, 'cmake_target': None, 'cmake_target_skip_unavailable': False, 'install_base': '/home/oem/legion_framework/modules/message/ros2/install/ros2_interface', 'merge_install': False, 'path': '/home/oem/legion_framework/modules/message/ros2/src/legion/ros2_interface', 'symlink_install': False, 'test_result_base': None}
[0.430s] Level 5:colcon.colcon_core.verb:set package 'rosbridge_msgs' build argument 'cmake_args' from command line to 'None'
[0.430s] Level 5:colcon.colcon_core.verb:set package 'rosbridge_msgs' build argument 'cmake_target' from command line to 'None'
[0.430s] Level 5:colcon.colcon_core.verb:set package 'rosbridge_msgs' build argument 'cmake_target_skip_unavailable' from command line to 'False'
[0.430s] Level 5:colcon.colcon_core.verb:set package 'rosbridge_msgs' build argument 'cmake_clean_cache' from command line to 'False'
[0.430s] Level 5:colcon.colcon_core.verb:set package 'rosbridge_msgs' build argument 'cmake_clean_first' from command line to 'False'
[0.430s] Level 5:colcon.colcon_core.verb:set package 'rosbridge_msgs' build argument 'cmake_force_configure' from command line to 'False'
[0.430s] Level 5:colcon.colcon_core.verb:set package 'rosbridge_msgs' build argument 'ament_cmake_args' from command line to 'None'
[0.430s] Level 5:colcon.colcon_core.verb:set package 'rosbridge_msgs' build argument 'catkin_cmake_args' from command line to 'None'
[0.430s] Level 5:colcon.colcon_core.verb:set package 'rosbridge_msgs' build argument 'catkin_skip_building_tests' from command line to 'False'
[0.430s] DEBUG:colcon.colcon_core.verb:Building package 'rosbridge_msgs' with the following arguments: {'ament_cmake_args': None, 'build_base': '/home/oem/legion_framework/modules/message/ros2/build/rosbridge_msgs', 'catkin_cmake_args': None, 'catkin_skip_building_tests': False, 'cmake_args': None, 'cmake_clean_cache': False, 'cmake_clean_first': False, 'cmake_force_configure': False, 'cmake_target': None, 'cmake_target_skip_unavailable': False, 'install_base': '/home/oem/legion_framework/modules/message/ros2/install/rosbridge_msgs', 'merge_install': False, 'path': '/home/oem/legion_framework/modules/message/ros2/src/rosbridge_msgs', 'symlink_install': False, 'test_result_base': None}
[0.430s] INFO:colcon.colcon_core.executor:Executing jobs using 'parallel' executor
[0.431s] DEBUG:colcon.colcon_parallel_executor.executor.parallel:run_until_complete
[0.431s] INFO:colcon.colcon_ros.task.ament_cmake.build:Building ROS package in '/home/oem/legion_framework/modules/message/ros2/src/legion/ros2_interface' with build type 'ament_cmake'
[0.431s] INFO:colcon.colcon_cmake.task.cmake.build:Building CMake package in '/home/oem/legion_framework/modules/message/ros2/src/legion/ros2_interface'
[0.433s] INFO:colcon.colcon_core.plugin_system:Skipping extension 'colcon_core.shell.bat': Not used on non-Windows systems
[0.433s] INFO:colcon.colcon_core.shell:Skip shell extension 'powershell' for command environment: Not usable outside of PowerShell
[0.433s] DEBUG:colcon.colcon_core.shell:Skip shell extension 'dsv' for command environment
[0.435s] INFO:colcon.colcon_ros.task.ament_cmake.build:Building ROS package in '/home/oem/legion_framework/modules/message/ros2/src/rosbridge_msgs' with build type 'ament_cmake'
[0.435s] INFO:colcon.colcon_cmake.task.cmake.build:Building CMake package in '/home/oem/legion_framework/modules/message/ros2/src/rosbridge_msgs'
[0.435s] INFO:colcon.colcon_core.shell:Skip shell extension 'powershell' for command environment: Not usable outside of PowerShell
[0.435s] DEBUG:colcon.colcon_core.shell:Skip shell extension 'dsv' for command environment
[0.440s] DEBUG:colcon.colcon_core.event_handler.log_command:Invoking command in '/home/oem/legion_framework/modules/message/ros2/build/ros2_interface': /usr/bin/cmake /home/oem/legion_framework/modules/message/ros2/src/legion/ros2_interface -DCMAKE_INSTALL_PREFIX=/home/oem/legion_framework/modules/message/ros2/install/ros2_interface
[0.442s] DEBUG:colcon.colcon_core.event_handler.log_command:Invoking command in '/home/oem/legion_framework/modules/message/ros2/build/rosbridge_msgs': /usr/bin/cmake /home/oem/legion_framework/modules/message/ros2/src/rosbridge_msgs -DCMAKE_INSTALL_PREFIX=/home/oem/legion_framework/modules/message/ros2/install/rosbridge_msgs
[1.923s] DEBUG:colcon.colcon_core.event_handler.log_command:Invoked command in '/home/oem/legion_framework/modules/message/ros2/build/rosbridge_msgs' returned '0': /usr/bin/cmake /home/oem/legion_framework/modules/message/ros2/src/rosbridge_msgs -DCMAKE_INSTALL_PREFIX=/home/oem/legion_framework/modules/message/ros2/install/rosbridge_msgs
[1.923s] DEBUG:colcon.colcon_core.event_handler.log_command:Invoking command in '/home/oem/legion_framework/modules/message/ros2/build/rosbridge_msgs': /usr/bin/cmake --build /home/oem/legion_framework/modules/message/ros2/build/rosbridge_msgs -- -j16 -l16
[3.156s] DEBUG:colcon.colcon_core.event_handler.log_command:Invoked command in '/home/oem/legion_framework/modules/message/ros2/build/ros2_interface' returned '0': /usr/bin/cmake /home/oem/legion_framework/modules/message/ros2/src/legion/ros2_interface -DCMAKE_INSTALL_PREFIX=/home/oem/legion_framework/modules/message/ros2/install/ros2_interface
[3.156s] DEBUG:colcon.colcon_core.event_handler.log_command:Invoking command in '/home/oem/legion_framework/modules/message/ros2/build/ros2_interface': /usr/bin/cmake --build /home/oem/legion_framework/modules/message/ros2/build/ros2_interface -- -j16 -l16
[3.560s] DEBUG:colcon.colcon_core.event_handler.log_command:Invoked command in '/home/oem/legion_framework/modules/message/ros2/build/rosbridge_msgs' returned '0': /usr/bin/cmake --build /home/oem/legion_framework/modules/message/ros2/build/rosbridge_msgs -- -j16 -l16
[3.571s] DEBUG:colcon.colcon_core.event_handler.log_command:Invoking command in '/home/oem/legion_framework/modules/message/ros2/build/rosbridge_msgs': /usr/bin/cmake --install /home/oem/legion_framework/modules/message/ros2/build/rosbridge_msgs
[3.615s] Level 1:colcon.colcon_core.environment:create_environment_scripts_only(rosbridge_msgs)
[3.615s] DEBUG:colcon.colcon_core.event_handler.log_command:Invoked command in '/home/oem/legion_framework/modules/message/ros2/build/rosbridge_msgs' returned '0': /usr/bin/cmake --install /home/oem/legion_framework/modules/message/ros2/build/rosbridge_msgs
[3.621s] Level 1:colcon.colcon_core.environment:checking '/home/oem/legion_framework/modules/message/ros2/install/rosbridge_msgs' for CMake module files
[3.622s] Level 1:colcon.colcon_core.environment:checking '/home/oem/legion_framework/modules/message/ros2/install/rosbridge_msgs' for CMake config files
[3.622s] Level 1:colcon.colcon_core.shell:create_environment_hook('rosbridge_msgs', 'cmake_prefix_path')
[3.623s] INFO:colcon.colcon_core.shell:Creating environment hook '/home/oem/legion_framework/modules/message/ros2/install/rosbridge_msgs/share/rosbridge_msgs/hook/cmake_prefix_path.ps1'
[3.623s] INFO:colcon.colcon_core.shell:Creating environment descriptor '/home/oem/legion_framework/modules/message/ros2/install/rosbridge_msgs/share/rosbridge_msgs/hook/cmake_prefix_path.dsv'
[3.624s] INFO:colcon.colcon_core.shell:Creating environment hook '/home/oem/legion_framework/modules/message/ros2/install/rosbridge_msgs/share/rosbridge_msgs/hook/cmake_prefix_path.sh'
[3.624s] Level 1:colcon.colcon_core.environment:checking '/home/oem/legion_framework/modules/message/ros2/install/rosbridge_msgs/lib'
[3.624s] Level 1:colcon.colcon_core.shell:create_environment_hook('rosbridge_msgs', 'ld_library_path_lib')
[3.625s] INFO:colcon.colcon_core.shell:Creating environment hook '/home/oem/legion_framework/modules/message/ros2/install/rosbridge_msgs/share/rosbridge_msgs/hook/ld_library_path_lib.ps1'
[3.625s] INFO:colcon.colcon_core.shell:Creating environment descriptor '/home/oem/legion_framework/modules/message/ros2/install/rosbridge_msgs/share/rosbridge_msgs/hook/ld_library_path_lib.dsv'
[3.625s] INFO:colcon.colcon_core.shell:Creating environment hook '/home/oem/legion_framework/modules/message/ros2/install/rosbridge_msgs/share/rosbridge_msgs/hook/ld_library_path_lib.sh'
[3.625s] Level 1:colcon.colcon_core.environment:checking '/home/oem/legion_framework/modules/message/ros2/install/rosbridge_msgs/bin'
[3.625s] Level 1:colcon.colcon_core.environment:checking '/home/oem/legion_framework/modules/message/ros2/install/rosbridge_msgs/lib/pkgconfig/rosbridge_msgs.pc'
[3.625s] Level 1:colcon.colcon_core.environment:checking '/home/oem/legion_framework/modules/message/ros2/install/rosbridge_msgs/lib/python3.10/site-packages'
[3.626s] Level 1:colcon.colcon_core.environment:checking '/home/oem/legion_framework/modules/message/ros2/install/rosbridge_msgs/bin'
[3.626s] INFO:colcon.colcon_core.shell:Creating package script '/home/oem/legion_framework/modules/message/ros2/install/rosbridge_msgs/share/rosbridge_msgs/package.ps1'
[3.627s] INFO:colcon.colcon_core.shell:Creating package descriptor '/home/oem/legion_framework/modules/message/ros2/install/rosbridge_msgs/share/rosbridge_msgs/package.dsv'
[3.627s] INFO:colcon.colcon_core.shell:Creating package script '/home/oem/legion_framework/modules/message/ros2/install/rosbridge_msgs/share/rosbridge_msgs/package.sh'
[3.628s] INFO:colcon.colcon_core.shell:Creating package script '/home/oem/legion_framework/modules/message/ros2/install/rosbridge_msgs/share/rosbridge_msgs/package.bash'
[3.628s] INFO:colcon.colcon_core.shell:Creating package script '/home/oem/legion_framework/modules/message/ros2/install/rosbridge_msgs/share/rosbridge_msgs/package.zsh'
[3.629s] Level 1:colcon.colcon_core.environment:create_file_with_runtime_dependencies(/home/oem/legion_framework/modules/message/ros2/install/rosbridge_msgs/share/colcon-core/packages/rosbridge_msgs)
[3.630s] Level 1:colcon.colcon_core.environment:create_environment_scripts_only(rosbridge_msgs)
[3.630s] Level 1:colcon.colcon_core.environment:checking '/home/oem/legion_framework/modules/message/ros2/install/rosbridge_msgs' for CMake module files
[3.630s] Level 1:colcon.colcon_core.environment:checking '/home/oem/legion_framework/modules/message/ros2/install/rosbridge_msgs' for CMake config files
[3.630s] Level 1:colcon.colcon_core.shell:create_environment_hook('rosbridge_msgs', 'cmake_prefix_path')
[3.630s] INFO:colcon.colcon_core.shell:Creating environment hook '/home/oem/legion_framework/modules/message/ros2/install/rosbridge_msgs/share/rosbridge_msgs/hook/cmake_prefix_path.ps1'
[3.631s] INFO:colcon.colcon_core.shell:Creating environment descriptor '/home/oem/legion_framework/modules/message/ros2/install/rosbridge_msgs/share/rosbridge_msgs/hook/cmake_prefix_path.dsv'
[3.631s] INFO:colcon.colcon_core.shell:Creating environment hook '/home/oem/legion_framework/modules/message/ros2/install/rosbridge_msgs/share/rosbridge_msgs/hook/cmake_prefix_path.sh'
[3.631s] Level 1:colcon.colcon_core.environment:checking '/home/oem/legion_framework/modules/message/ros2/install/rosbridge_msgs/lib'
[3.631s] Level 1:colcon.colcon_core.shell:create_environment_hook('rosbridge_msgs', 'ld_library_path_lib')
[3.631s] INFO:colcon.colcon_core.shell:Creating environment hook '/home/oem/legion_framework/modules/message/ros2/install/rosbridge_msgs/share/rosbridge_msgs/hook/ld_library_path_lib.ps1'
[3.631s] INFO:colcon.colcon_core.shell:Creating environment descriptor '/home/oem/legion_framework/modules/message/ros2/install/rosbridge_msgs/share/rosbridge_msgs/hook/ld_library_path_lib.dsv'
[3.632s] INFO:colcon.colcon_core.shell:Creating environment hook '/home/oem/legion_framework/modules/message/ros2/install/rosbridge_msgs/share/rosbridge_msgs/hook/ld_library_path_lib.sh'
[3.632s] Level 1:colcon.colcon_core.environment:checking '/home/oem/legion_framework/modules/message/ros2/install/rosbridge_msgs/bin'
[3.632s] Level 1:colcon.colcon_core.environment:checking '/home/oem/legion_framework/modules/message/ros2/install/rosbridge_msgs/lib/pkgconfig/rosbridge_msgs.pc'
[3.632s] Level 1:colcon.colcon_core.environment:checking '/home/oem/legion_framework/modules/message/ros2/install/rosbridge_msgs/lib/python3.10/site-packages'
[3.632s] Level 1:colcon.colcon_core.environment:checking '/home/oem/legion_framework/modules/message/ros2/install/rosbridge_msgs/bin'
[3.632s] INFO:colcon.colcon_core.shell:Creating package script '/home/oem/legion_framework/modules/message/ros2/install/rosbridge_msgs/share/rosbridge_msgs/package.ps1'
[3.633s] INFO:colcon.colcon_core.shell:Creating package descriptor '/home/oem/legion_framework/modules/message/ros2/install/rosbridge_msgs/share/rosbridge_msgs/package.dsv'
[3.633s] INFO:colcon.colcon_core.shell:Creating package script '/home/oem/legion_framework/modules/message/ros2/install/rosbridge_msgs/share/rosbridge_msgs/package.sh'
[3.633s] INFO:colcon.colcon_core.shell:Creating package script '/home/oem/legion_framework/modules/message/ros2/install/rosbridge_msgs/share/rosbridge_msgs/package.bash'
[3.633s] INFO:colcon.colcon_core.shell:Creating package script '/home/oem/legion_framework/modules/message/ros2/install/rosbridge_msgs/share/rosbridge_msgs/package.zsh'
[3.634s] Level 1:colcon.colcon_core.environment:create_file_with_runtime_dependencies(/home/oem/legion_framework/modules/message/ros2/install/rosbridge_msgs/share/colcon-core/packages/rosbridge_msgs)
[82.366s] DEBUG:colcon.colcon_core.event_handler.log_command:Invoked command in '/home/oem/legion_framework/modules/message/ros2/build/ros2_interface' returned '0': /usr/bin/cmake --build /home/oem/legion_framework/modules/message/ros2/build/ros2_interface -- -j16 -l16
[82.367s] DEBUG:colcon.colcon_core.event_handler.log_command:Invoking command in '/home/oem/legion_framework/modules/message/ros2/build/ros2_interface': /usr/bin/cmake --install /home/oem/legion_framework/modules/message/ros2/build/ros2_interface
[82.837s] Level 1:colcon.colcon_core.environment:create_environment_scripts_only(ros2_interface)
[82.837s] Level 1:colcon.colcon_core.environment:checking '/home/oem/legion_framework/modules/message/ros2/install/ros2_interface' for CMake module files
[82.838s] DEBUG:colcon.colcon_core.event_handler.log_command:Invoked command in '/home/oem/legion_framework/modules/message/ros2/build/ros2_interface' returned '0': /usr/bin/cmake --install /home/oem/legion_framework/modules/message/ros2/build/ros2_interface
[82.838s] Level 1:colcon.colcon_core.environment:checking '/home/oem/legion_framework/modules/message/ros2/install/ros2_interface' for CMake config files
[82.839s] Level 1:colcon.colcon_core.shell:create_environment_hook('ros2_interface', 'cmake_prefix_path')
[82.839s] INFO:colcon.colcon_core.shell:Creating environment hook '/home/oem/legion_framework/modules/message/ros2/install/ros2_interface/share/ros2_interface/hook/cmake_prefix_path.ps1'
[82.839s] INFO:colcon.colcon_core.shell:Creating environment descriptor '/home/oem/legion_framework/modules/message/ros2/install/ros2_interface/share/ros2_interface/hook/cmake_prefix_path.dsv'
[82.839s] INFO:colcon.colcon_core.shell:Creating environment hook '/home/oem/legion_framework/modules/message/ros2/install/ros2_interface/share/ros2_interface/hook/cmake_prefix_path.sh'
[82.840s] Level 1:colcon.colcon_core.environment:checking '/home/oem/legion_framework/modules/message/ros2/install/ros2_interface/lib'
[82.840s] Level 1:colcon.colcon_core.shell:create_environment_hook('ros2_interface', 'ld_library_path_lib')
[82.840s] INFO:colcon.colcon_core.shell:Creating environment hook '/home/oem/legion_framework/modules/message/ros2/install/ros2_interface/share/ros2_interface/hook/ld_library_path_lib.ps1'
[82.840s] INFO:colcon.colcon_core.shell:Creating environment descriptor '/home/oem/legion_framework/modules/message/ros2/install/ros2_interface/share/ros2_interface/hook/ld_library_path_lib.dsv'
[82.840s] INFO:colcon.colcon_core.shell:Creating environment hook '/home/oem/legion_framework/modules/message/ros2/install/ros2_interface/share/ros2_interface/hook/ld_library_path_lib.sh'
[82.840s] Level 1:colcon.colcon_core.environment:checking '/home/oem/legion_framework/modules/message/ros2/install/ros2_interface/bin'
[82.840s] Level 1:colcon.colcon_core.environment:checking '/home/oem/legion_framework/modules/message/ros2/install/ros2_interface/lib/pkgconfig/ros2_interface.pc'
[82.841s] Level 1:colcon.colcon_core.environment:checking '/home/oem/legion_framework/modules/message/ros2/install/ros2_interface/lib/python3.10/site-packages'
[82.841s] Level 1:colcon.colcon_core.environment:checking '/home/oem/legion_framework/modules/message/ros2/install/ros2_interface/bin'
[82.841s] INFO:colcon.colcon_core.shell:Creating package script '/home/oem/legion_framework/modules/message/ros2/install/ros2_interface/share/ros2_interface/package.ps1'
[82.841s] INFO:colcon.colcon_core.shell:Creating package descriptor '/home/oem/legion_framework/modules/message/ros2/install/ros2_interface/share/ros2_interface/package.dsv'
[82.841s] INFO:colcon.colcon_core.shell:Creating package script '/home/oem/legion_framework/modules/message/ros2/install/ros2_interface/share/ros2_interface/package.sh'
[82.842s] INFO:colcon.colcon_core.shell:Creating package script '/home/oem/legion_framework/modules/message/ros2/install/ros2_interface/share/ros2_interface/package.bash'
[82.842s] INFO:colcon.colcon_core.shell:Creating package script '/home/oem/legion_framework/modules/message/ros2/install/ros2_interface/share/ros2_interface/package.zsh'
[82.842s] Level 1:colcon.colcon_core.environment:create_file_with_runtime_dependencies(/home/oem/legion_framework/modules/message/ros2/install/ros2_interface/share/colcon-core/packages/ros2_interface)
[82.842s] Level 1:colcon.colcon_core.environment:create_environment_scripts_only(ros2_interface)
[82.843s] Level 1:colcon.colcon_core.environment:checking '/home/oem/legion_framework/modules/message/ros2/install/ros2_interface' for CMake module files
[82.843s] Level 1:colcon.colcon_core.environment:checking '/home/oem/legion_framework/modules/message/ros2/install/ros2_interface' for CMake config files
[82.843s] Level 1:colcon.colcon_core.shell:create_environment_hook('ros2_interface', 'cmake_prefix_path')
[82.844s] INFO:colcon.colcon_core.shell:Creating environment hook '/home/oem/legion_framework/modules/message/ros2/install/ros2_interface/share/ros2_interface/hook/cmake_prefix_path.ps1'
[82.844s] INFO:colcon.colcon_core.shell:Creating environment descriptor '/home/oem/legion_framework/modules/message/ros2/install/ros2_interface/share/ros2_interface/hook/cmake_prefix_path.dsv'
[82.844s] INFO:colcon.colcon_core.shell:Creating environment hook '/home/oem/legion_framework/modules/message/ros2/install/ros2_interface/share/ros2_interface/hook/cmake_prefix_path.sh'
[82.844s] Level 1:colcon.colcon_core.environment:checking '/home/oem/legion_framework/modules/message/ros2/install/ros2_interface/lib'
[82.844s] Level 1:colcon.colcon_core.shell:create_environment_hook('ros2_interface', 'ld_library_path_lib')
[82.844s] INFO:colcon.colcon_core.shell:Creating environment hook '/home/oem/legion_framework/modules/message/ros2/install/ros2_interface/share/ros2_interface/hook/ld_library_path_lib.ps1'
[82.845s] INFO:colcon.colcon_core.shell:Creating environment descriptor '/home/oem/legion_framework/modules/message/ros2/install/ros2_interface/share/ros2_interface/hook/ld_library_path_lib.dsv'
[82.845s] INFO:colcon.colcon_core.shell:Creating environment hook '/home/oem/legion_framework/modules/message/ros2/install/ros2_interface/share/ros2_interface/hook/ld_library_path_lib.sh'
[82.845s] Level 1:colcon.colcon_core.environment:checking '/home/oem/legion_framework/modules/message/ros2/install/ros2_interface/bin'
[82.845s] Level 1:colcon.colcon_core.environment:checking '/home/oem/legion_framework/modules/message/ros2/install/ros2_interface/lib/pkgconfig/ros2_interface.pc'
[82.845s] Level 1:colcon.colcon_core.environment:checking '/home/oem/legion_framework/modules/message/ros2/install/ros2_interface/lib/python3.10/site-packages'
[82.845s] Level 1:colcon.colcon_core.environment:checking '/home/oem/legion_framework/modules/message/ros2/install/ros2_interface/bin'
[82.846s] INFO:colcon.colcon_core.shell:Creating package script '/home/oem/legion_framework/modules/message/ros2/install/ros2_interface/share/ros2_interface/package.ps1'
[82.846s] INFO:colcon.colcon_core.shell:Creating package descriptor '/home/oem/legion_framework/modules/message/ros2/install/ros2_interface/share/ros2_interface/package.dsv'
[82.846s] INFO:colcon.colcon_core.shell:Creating package script '/home/oem/legion_framework/modules/message/ros2/install/ros2_interface/share/ros2_interface/package.sh'
[82.846s] INFO:colcon.colcon_core.shell:Creating package script '/home/oem/legion_framework/modules/message/ros2/install/ros2_interface/share/ros2_interface/package.bash'
[82.847s] INFO:colcon.colcon_core.shell:Creating package script '/home/oem/legion_framework/modules/message/ros2/install/ros2_interface/share/ros2_interface/package.zsh'
[82.847s] Level 1:colcon.colcon_core.environment:create_file_with_runtime_dependencies(/home/oem/legion_framework/modules/message/ros2/install/ros2_interface/share/colcon-core/packages/ros2_interface)
[82.847s] DEBUG:colcon.colcon_parallel_executor.executor.parallel:closing loop
[82.847s] DEBUG:colcon.colcon_parallel_executor.executor.parallel:loop closed
[82.847s] DEBUG:colcon.colcon_parallel_executor.executor.parallel:run_until_complete finished with '0'
[82.847s] DEBUG:colcon.colcon_core.event_reactor:joining thread
[82.852s] INFO:colcon.colcon_core.plugin_system:Skipping extension 'colcon_notification.desktop_notification.terminal_notifier': Not used on non-Darwin systems
[82.852s] INFO:colcon.colcon_core.plugin_system:Skipping extension 'colcon_notification.desktop_notification.win32': Not used on non-Windows systems
[82.852s] INFO:colcon.colcon_notification.desktop_notification:Sending desktop notification using 'notify2'
[82.867s] DEBUG:colcon.colcon_core.event_reactor:joined thread
[82.868s] INFO:colcon.colcon_core.shell:Creating prefix script '/home/oem/legion_framework/modules/message/ros2/install/local_setup.ps1'
[82.868s] INFO:colcon.colcon_core.shell:Creating prefix util module '/home/oem/legion_framework/modules/message/ros2/install/_local_setup_util_ps1.py'
[82.869s] INFO:colcon.colcon_core.shell:Creating prefix chain script '/home/oem/legion_framework/modules/message/ros2/install/setup.ps1'
[82.870s] INFO:colcon.colcon_core.shell:Creating prefix script '/home/oem/legion_framework/modules/message/ros2/install/local_setup.sh'
[82.870s] INFO:colcon.colcon_core.shell:Creating prefix util module '/home/oem/legion_framework/modules/message/ros2/install/_local_setup_util_sh.py'
[82.871s] INFO:colcon.colcon_core.shell:Creating prefix chain script '/home/oem/legion_framework/modules/message/ros2/install/setup.sh'
[82.873s] INFO:colcon.colcon_core.shell:Creating prefix script '/home/oem/legion_framework/modules/message/ros2/install/local_setup.bash'
[82.873s] INFO:colcon.colcon_core.shell:Creating prefix chain script '/home/oem/legion_framework/modules/message/ros2/install/setup.bash'
[82.874s] INFO:colcon.colcon_core.shell:Creating prefix script '/home/oem/legion_framework/modules/message/ros2/install/local_setup.zsh'
[82.874s] INFO:colcon.colcon_core.shell:Creating prefix chain script '/home/oem/legion_framework/modules/message/ros2/install/setup.zsh'
